Using pre-set license
Built from '2020.3/staging' branch; Version is '2020.3.5f1 (8095aa901b9b) revision 8426922'; Using compiler version '192528614'; Build Type 'Release'
OS: 'Windows 10 Education; OS build 19044.1288; Version 2009; 64bit' Language: 'en' Physical Memory: 32617 MB
BatchMode: 1, IsHumanControllingUs: 0, StartBugReporterOnCrash: 0, Is64bit: 1, IsPro: 0

 COMMAND LINE ARGUMENTS:
C:\Program Files\Unity\Hub\Editor\2020.3.5f1\Editor\Unity.exe
-adb2
-batchMode
-noUpm
-name
AssetImportWorker0
-projectPath
C:/Users/s210954/Desktop/GitGood/TrafficTiles2D/TrafficTiles
-logFile
Logs/AssetImportWorker0.log
-srvPort
51757
Successfully changed project path to: C:/Users/s210954/Desktop/GitGood/TrafficTiles2D/TrafficTiles
C:/Users/s210954/Desktop/GitGood/TrafficTiles2D/TrafficTiles
Using Asset Import Pipeline V2.
Refreshing native plugins compatible for Editor in 27.36 ms, found 1 plugins.
Preloading 0 native plugins for Editor in 0.00 ms.
Initialize engine version: 2020.3.5f1 (8095aa901b9b)
[Subsystems] Discovering subsystems at path C:/Program Files/Unity/Hub/Editor/2020.3.5f1/Editor/Data/Resources/UnitySubsystems
[Subsystems] Discovering subsystems at path C:/Users/s210954/Desktop/GitGood/TrafficTiles2D/TrafficTiles/Assets
GfxDevice: creating device client; threaded=0
Direct3D:
    Version:  Direct3D 11.0 [level 11.1]
    Renderer: NVIDIA GeForce RTX 3060 Ti (ID=0x2489)
    Vendor:   
    VRAM:     8050 MB
    Driver:   30.0.14.9676
Initialize mono
Mono path[0] = 'C:/Program Files/Unity/Hub/Editor/2020.3.5f1/Editor/Data/Managed'
Mono path[1] = 'C:/Program Files/Unity/Hub/Editor/2020.3.5f1/Editor/Data/MonoBleedingEdge/lib/mono/unityjit'
Mono config path = 'C:/Program Files/Unity/Hub/Editor/2020.3.5f1/Editor/Data/MonoBleedingEdge/etc'
Using monoOptions --debugger-agent=transport=dt_socket,embedding=1,server=y,suspend=n,address=127.0.0.1:56380
Begin MonoManager ReloadAssembly
Registering precompiled unity dll's ...
Register platform support module: C:/Program Files/Unity/Hub/Editor/2020.3.5f1/Editor/Data/PlaybackEngines/WebGLSupport/UnityEditor.WebGL.Extensions.dll
Register platform support module: C:/Program Files/Unity/Hub/Editor/2020.3.5f1/Editor/Data/PlaybackEngines/WindowsStandaloneSupport/UnityEditor.WindowsStandalone.Extensions.dll
Registered in 0.001821 seconds.
Native extension for WindowsStandalone target not found
Native extension for WebGL target not found
Refreshing native plugins compatible for Editor in 30.59 ms, found 1 plugins.
Preloading 0 native plugins for Editor in 0.00 ms.
Mono: successfully reloaded assembly
- Completed reload, in  1.604 seconds
Platform modules already initialized, skipping
Registering precompiled user dll's ...
Registered in 0.000724 seconds.
Begin MonoManager ReloadAssembly
Native extension for WindowsStandalone target not found
Native extension for WebGL target not found
Refreshing native plugins compatible for Editor in 34.37 ms, found 1 plugins.
Preloading 0 native plugins for Editor in 0.00 ms.
Mono: successfully reloaded assembly
- Completed reload, in  0.771 seconds
Platform modules already initialized, skipping
========================================================================
Worker process is ready to serve import requests
Launched and connected shader compiler UnityShaderCompiler.exe after 0.02 seconds
Refreshing native plugins compatible for Editor in 0.32 ms, found 1 plugins.
Preloading 0 native plugins for Editor in 0.00 ms.
Unloading 1813 Unused Serialized files (Serialized files now loaded: 0)
System memory in use before: 85.1 MB.
System memory in use after: 85.1 MB.

Unloading 24 unused Assets to reduce memory usage. Loaded Objects now: 2257.
Total: 1.918900 ms (FindLiveObjects: 0.173900 ms CreateObjectMapping: 0.063900 ms MarkObjects: 1.576800 ms  DeleteObjects: 0.103500 ms)

========================================================================
Received Import Request.
  path: Assets/Scripts/CycleTiles.cs
  artifactKey: Guid(c2c3d36b1fa8b014a80979cac738f498) Importer(815301076,1909f56bfc062723c751e8b465ee728b)
Start importing Assets/Scripts/CycleTiles.cs using Guid(c2c3d36b1fa8b014a80979cac738f498) Importer(815301076,1909f56bfc062723c751e8b465ee728b)  -> (artifact id: '3b3cab01aace67ea003ef1ec64269790') in 0.017053 seconds
  Import took 0.019457 seconds .

========================================================================
Received Import Request.
  Time since last request: 1.487194 seconds.
  path: ProjectSettings/TagManager.asset
  artifactKey: Guid(00000000000000003000000000000000) Importer(815301076,1909f56bfc062723c751e8b465ee728b)
Start importing ProjectSettings/TagManager.asset using Guid(00000000000000003000000000000000) Importer(815301076,1909f56bfc062723c751e8b465ee728b)  -> (artifact id: '6ceeb9b61f4e3fa944fc3b7ef6cf305e') in 0.015605 seconds
  Import took 0.017913 seconds .

========================================================================
Received Prepare
Registering precompiled user dll's ...
Registered in 0.000674 seconds.
Begin MonoManager ReloadAssembly
Native extension for WindowsStandalone target not found
Native extension for WebGL target not found
Refreshing native plugins compatible for Editor in 0.42 ms, found 1 plugins.
Preloading 0 native plugins for Editor in 0.00 ms.
Mono: successfully reloaded assembly
- Completed reload, in  0.668 seconds
Platform modules already initialized, skipping
Refreshing native plugins compatible for Editor in 0.32 ms, found 1 plugins.
Preloading 0 native plugins for Editor in 0.00 ms.
Unloading 1808 Unused Serialized files (Serialized files now loaded: 0)
System memory in use before: 85.1 MB.
System memory in use after: 85.1 MB.

Unloading 13 unused Assets to reduce memory usage. Loaded Objects now: 2261.
Total: 1.913200 ms (FindLiveObjects: 0.168900 ms CreateObjectMapping: 0.061600 ms MarkObjects: 1.588200 ms  DeleteObjects: 0.093100 ms)

========================================================================
Received Prepare
Registering precompiled user dll's ...
Registered in 0.000611 seconds.
Begin MonoManager ReloadAssembly
Native extension for WindowsStandalone target not found
Native extension for WebGL target not found
Refreshing native plugins compatible for Editor in 0.34 ms, found 1 plugins.
Preloading 0 native plugins for Editor in 0.00 ms.
Mono: successfully reloaded assembly
- Completed reload, in  0.690 seconds
Platform modules already initialized, skipping
Refreshing native plugins compatible for Editor in 0.38 ms, found 1 plugins.
Preloading 0 native plugins for Editor in 0.00 ms.
Unloading 1808 Unused Serialized files (Serialized files now loaded: 0)
System memory in use before: 85.1 MB.
System memory in use after: 85.1 MB.

Unloading 12 unused Assets to reduce memory usage. Loaded Objects now: 2265.
Total: 1.962000 ms (FindLiveObjects: 0.239400 ms CreateObjectMapping: 0.076800 ms MarkObjects: 1.548600 ms  DeleteObjects: 0.095700 ms)

========================================================================
Received Import Request.
  Time since last request: 407.441591 seconds.
  path: Assets/Textures/Green.mat
  artifactKey: Guid(430ff841565b0ab48a901c9c7c2aed40) Importer(815301076,1909f56bfc062723c751e8b465ee728b)
Start importing Assets/Textures/Green.mat using Guid(430ff841565b0ab48a901c9c7c2aed40) Importer(815301076,1909f56bfc062723c751e8b465ee728b)  -> (artifact id: '0589650ae573ba7bdbc501334e3db342') in 0.077113 seconds
  Import took 0.079687 seconds .

========================================================================
Received Import Request.
  Time since last request: 0.000171 seconds.
  path: Assets/Textures/Amber.mat
  artifactKey: Guid(555c745d70d96054cb8686d0e7445caa) Importer(815301076,1909f56bfc062723c751e8b465ee728b)
Start importing Assets/Textures/Amber.mat using Guid(555c745d70d96054cb8686d0e7445caa) Importer(815301076,1909f56bfc062723c751e8b465ee728b)  -> (artifact id: 'c6d3aad2110cbf0454e6b95080252f5a') in 0.012291 seconds
  Import took 0.014615 seconds .

========================================================================
Received Import Request.
  Time since last request: 0.000269 seconds.
  path: Assets/Textures
  artifactKey: Guid(be9aaeaf49247ff4d84d471d7dd72723) Importer(815301076,1909f56bfc062723c751e8b465ee728b)
Start importing Assets/Textures using Guid(be9aaeaf49247ff4d84d471d7dd72723) Importer(815301076,1909f56bfc062723c751e8b465ee728b)  -> (artifact id: 'f21646aa5f727b4fa97fe7c68671693d') in 0.006237 seconds
  Import took 0.009050 seconds .

========================================================================
Received Import Request.
  Time since last request: 0.000197 seconds.
  path: Assets/Textures/Red.mat
  artifactKey: Guid(1d517afdee366da41aadf44aa3b2fb23) Importer(815301076,1909f56bfc062723c751e8b465ee728b)
Start importing Assets/Textures/Red.mat using Guid(1d517afdee366da41aadf44aa3b2fb23) Importer(815301076,1909f56bfc062723c751e8b465ee728b)  -> (artifact id: '47bec920043304e26b86f0c2968160c5') in 0.025025 seconds
  Import took 0.027686 seconds .

========================================================================
Received Import Request.
  Time since last request: 12.885003 seconds.
  path: Assets/Textures/Turf.mat
  artifactKey: Guid(7dce1dc4c23ff2f48b6fa631677d4668) Importer(815301076,1909f56bfc062723c751e8b465ee728b)
Start importing Assets/Textures/Turf.mat using Guid(7dce1dc4c23ff2f48b6fa631677d4668) Importer(815301076,1909f56bfc062723c751e8b465ee728b)  -> (artifact id: '20b4ece7b544f6758fec59d3a2cfda24') in 0.010307 seconds
  Import took 0.012975 seconds .

========================================================================
Received Prepare
Registering precompiled user dll's ...
Registered in 0.000805 seconds.
Begin MonoManager ReloadAssembly
Native extension for WindowsStandalone target not found
Native extension for WebGL target not found
Refreshing native plugins compatible for Editor in 0.53 ms, found 1 plugins.
Preloading 0 native plugins for Editor in 0.00 ms.
Mono: successfully reloaded assembly
- Completed reload, in  0.670 seconds
Platform modules already initialized, skipping
Refreshing native plugins compatible for Editor in 0.32 ms, found 1 plugins.
Preloading 0 native plugins for Editor in 0.00 ms.
Unloading 1808 Unused Serialized files (Serialized files now loaded: 0)
System memory in use before: 88.4 MB.
System memory in use after: 88.4 MB.

Unloading 12 unused Assets to reduce memory usage. Loaded Objects now: 2309.
Total: 2.560400 ms (FindLiveObjects: 0.368300 ms CreateObjectMapping: 0.090100 ms MarkObjects: 2.001500 ms  DeleteObjects: 0.099200 ms)

========================================================================
Received Import Request.
  Time since last request: 229.802243 seconds.
  path: Assets/Prefabs/Tile_Amber.prefab
  artifactKey: Guid(ac5da0d52c99b7443b4889fe2f4623da) Importer(815301076,1909f56bfc062723c751e8b465ee728b)
Start importing Assets/Prefabs/Tile_Amber.prefab using Guid(ac5da0d52c99b7443b4889fe2f4623da) Importer(815301076,1909f56bfc062723c751e8b465ee728b)  -> (artifact id: '0d6ef464608b18f939e5ca5c92d1bbf6') in 0.047840 seconds
  Import took 0.050722 seconds .

========================================================================
Received Import Request.
  Time since last request: 0.000172 seconds.
  path: Assets/Prefabs/Tile_Green.prefab
  artifactKey: Guid(0cb36d667d58c4a42872ab11bf46de2c) Importer(815301076,1909f56bfc062723c751e8b465ee728b)
Start importing Assets/Prefabs/Tile_Green.prefab using Guid(0cb36d667d58c4a42872ab11bf46de2c) Importer(815301076,1909f56bfc062723c751e8b465ee728b)  -> (artifact id: 'd1873ad38bd38d79f005070ec852aeec') in 0.009369 seconds
  Import took 0.011734 seconds .

========================================================================
Received Import Request.
  Time since last request: 0.000213 seconds.
  path: Assets/Prefabs/Tile_Red.prefab
  artifactKey: Guid(551c187877102864b8ced77afa6872b4) Importer(815301076,1909f56bfc062723c751e8b465ee728b)
Start importing Assets/Prefabs/Tile_Red.prefab using Guid(551c187877102864b8ced77afa6872b4) Importer(815301076,1909f56bfc062723c751e8b465ee728b)  -> (artifact id: '6e441810993cc33d7b628779c5bc9709') in 0.011009 seconds
  Import took 0.013630 seconds .

========================================================================
Received Prepare
Registering precompiled user dll's ...
Registered in 0.000820 seconds.
Begin MonoManager ReloadAssembly
Native extension for WindowsStandalone target not found
Native extension for WebGL target not found
Refreshing native plugins compatible for Editor in 0.53 ms, found 1 plugins.
Preloading 0 native plugins for Editor in 0.00 ms.
Mono: successfully reloaded assembly
- Completed reload, in  0.655 seconds
Platform modules already initialized, skipping
Refreshing native plugins compatible for Editor in 0.32 ms, found 1 plugins.
Preloading 0 native plugins for Editor in 0.00 ms.
Unloading 1808 Unused Serialized files (Serialized files now loaded: 0)
System memory in use before: 88.5 MB.
System memory in use after: 88.5 MB.

Unloading 12 unused Assets to reduce memory usage. Loaded Objects now: 2314.
Total: 2.140100 ms (FindLiveObjects: 0.198700 ms CreateObjectMapping: 0.071600 ms MarkObjects: 1.757200 ms  DeleteObjects: 0.111600 ms)

========================================================================
Received Import Request.
  Time since last request: 7.611685 seconds.
  path: Assets/Prefabs/Tile_Amber.prefab
  artifactKey: Guid(ac5da0d52c99b7443b4889fe2f4623da) Importer(815301076,1909f56bfc062723c751e8b465ee728b)
Start importing Assets/Prefabs/Tile_Amber.prefab using Guid(ac5da0d52c99b7443b4889fe2f4623da) Importer(815301076,1909f56bfc062723c751e8b465ee728b)  -> (artifact id: '4a7bace76adff4817565a3a315260edc') in 0.041920 seconds
  Import took 0.044620 seconds .

========================================================================
Received Import Request.
  Time since last request: 13.140277 seconds.
  path: Assets/Prefabs/Tile_Amber.prefab
  artifactKey: Guid(ac5da0d52c99b7443b4889fe2f4623da) Importer(815301076,1909f56bfc062723c751e8b465ee728b)
Start importing Assets/Prefabs/Tile_Amber.prefab using Guid(ac5da0d52c99b7443b4889fe2f4623da) Importer(815301076,1909f56bfc062723c751e8b465ee728b)  -> (artifact id: '416471922b19fbf0b5854d813a37585e') in 0.007578 seconds
  Import took 0.010705 seconds .

========================================================================
Received Import Request.
  Time since last request: 5.265732 seconds.
  path: Assets/Prefabs/Tile_Green.prefab
  artifactKey: Guid(0cb36d667d58c4a42872ab11bf46de2c) Importer(815301076,1909f56bfc062723c751e8b465ee728b)
Start importing Assets/Prefabs/Tile_Green.prefab using Guid(0cb36d667d58c4a42872ab11bf46de2c) Importer(815301076,1909f56bfc062723c751e8b465ee728b)  -> (artifact id: '75907b217d590e475066a0ec04d06a78') in 0.008406 seconds
  Import took 0.011004 seconds .

========================================================================
Received Import Request.
  Time since last request: 5.054482 seconds.
  path: Assets/Prefabs/Tile_Red.prefab
  artifactKey: Guid(551c187877102864b8ced77afa6872b4) Importer(815301076,1909f56bfc062723c751e8b465ee728b)
Start importing Assets/Prefabs/Tile_Red.prefab using Guid(551c187877102864b8ced77afa6872b4) Importer(815301076,1909f56bfc062723c751e8b465ee728b)  -> (artifact id: 'ee535603ecc28615cc5baddbd53945a6') in 0.008701 seconds
  Import took 0.011416 seconds .

========================================================================
Received Prepare
Registering precompiled user dll's ...
Registered in 0.000712 seconds.
Begin MonoManager ReloadAssembly
Native extension for WindowsStandalone target not found
Native extension for WebGL target not found
Refreshing native plugins compatible for Editor in 0.34 ms, found 1 plugins.
Preloading 0 native plugins for Editor in 0.00 ms.
Mono: successfully reloaded assembly
- Completed reload, in  0.657 seconds
Platform modules already initialized, skipping
Refreshing native plugins compatible for Editor in 0.32 ms, found 1 plugins.
Preloading 0 native plugins for Editor in 0.00 ms.
Unloading 1808 Unused Serialized files (Serialized files now loaded: 0)
System memory in use before: 88.5 MB.
System memory in use after: 88.5 MB.

Unloading 12 unused Assets to reduce memory usage. Loaded Objects now: 2319.
Total: 2.254700 ms (FindLiveObjects: 0.257500 ms CreateObjectMapping: 0.101100 ms MarkObjects: 1.794400 ms  DeleteObjects: 0.100900 ms)

========================================================================
Received Prepare
Registering precompiled user dll's ...
Registered in 0.000743 seconds.
Begin MonoManager ReloadAssembly
Native extension for WindowsStandalone target not found
Native extension for WebGL target not found
Refreshing native plugins compatible for Editor in 0.33 ms, found 1 plugins.
Preloading 0 native plugins for Editor in 0.00 ms.
Mono: successfully reloaded assembly
- Completed reload, in  0.662 seconds
Platform modules already initialized, skipping
Refreshing native plugins compatible for Editor in 0.34 ms, found 1 plugins.
Preloading 0 native plugins for Editor in 0.00 ms.
Unloading 1808 Unused Serialized files (Serialized files now loaded: 0)
System memory in use before: 88.5 MB.
System memory in use after: 88.5 MB.

Unloading 12 unused Assets to reduce memory usage. Loaded Objects now: 2323.
Total: 1.879000 ms (FindLiveObjects: 0.175900 ms CreateObjectMapping: 0.064100 ms MarkObjects: 1.549800 ms  DeleteObjects: 0.088600 ms)

========================================================================
Received Prepare
Registering precompiled user dll's ...
Registered in 0.000776 seconds.
Begin MonoManager ReloadAssembly
Native extension for WindowsStandalone target not found
Native extension for WebGL target not found
Refreshing native plugins compatible for Editor in 0.37 ms, found 1 plugins.
Preloading 0 native plugins for Editor in 0.00 ms.
Mono: successfully reloaded assembly
- Completed reload, in  0.668 seconds
Platform modules already initialized, skipping
Refreshing native plugins compatible for Editor in 0.39 ms, found 1 plugins.
Preloading 0 native plugins for Editor in 0.00 ms.
Unloading 1808 Unused Serialized files (Serialized files now loaded: 0)
System memory in use before: 88.5 MB.
System memory in use after: 88.5 MB.

Unloading 12 unused Assets to reduce memory usage. Loaded Objects now: 2327.
Total: 1.872200 ms (FindLiveObjects: 0.168500 ms CreateObjectMapping: 0.057300 ms MarkObjects: 1.550600 ms  DeleteObjects: 0.095000 ms)

========================================================================
Received Prepare
Registering precompiled user dll's ...
Registered in 0.000833 seconds.
Begin MonoManager ReloadAssembly
Native extension for WindowsStandalone target not found
Native extension for WebGL target not found
Refreshing native plugins compatible for Editor in 0.55 ms, found 1 plugins.
Preloading 0 native plugins for Editor in 0.00 ms.
Mono: successfully reloaded assembly
- Completed reload, in  0.665 seconds
Platform modules already initialized, skipping
Refreshing native plugins compatible for Editor in 0.34 ms, found 1 plugins.
Preloading 0 native plugins for Editor in 0.00 ms.
Unloading 1808 Unused Serialized files (Serialized files now loaded: 0)
System memory in use before: 88.6 MB.
System memory in use after: 88.5 MB.

Unloading 12 unused Assets to reduce memory usage. Loaded Objects now: 2331.
Total: 1.734100 ms (FindLiveObjects: 0.208500 ms CreateObjectMapping: 0.077100 ms MarkObjects: 1.358900 ms  DeleteObjects: 0.088800 ms)

========================================================================
Received Import Request.
  Time since last request: 95.825514 seconds.
  path: Assets/Prefabs/Tile_Amber.prefab
  artifactKey: Guid(ac5da0d52c99b7443b4889fe2f4623da) Importer(815301076,1909f56bfc062723c751e8b465ee728b)
Start importing Assets/Prefabs/Tile_Amber.prefab using Guid(ac5da0d52c99b7443b4889fe2f4623da) Importer(815301076,1909f56bfc062723c751e8b465ee728b)  -> (artifact id: 'e7af64fbef2393baeef29d0839407ae9') in 0.039442 seconds
  Import took 0.042055 seconds .

========================================================================
Received Import Request.
  Time since last request: 5.256788 seconds.
  path: Assets/Prefabs/Tile_Green.prefab
  artifactKey: Guid(0cb36d667d58c4a42872ab11bf46de2c) Importer(815301076,1909f56bfc062723c751e8b465ee728b)
Start importing Assets/Prefabs/Tile_Green.prefab using Guid(0cb36d667d58c4a42872ab11bf46de2c) Importer(815301076,1909f56bfc062723c751e8b465ee728b)  -> (artifact id: '224a3ebb28fdc7e19bd1b650dd7299ca') in 0.006166 seconds
  Import took 0.008720 seconds .

========================================================================
Received Import Request.
  Time since last request: 5.458625 seconds.
  path: Assets/Prefabs/Tile_Red.prefab
  artifactKey: Guid(551c187877102864b8ced77afa6872b4) Importer(815301076,1909f56bfc062723c751e8b465ee728b)
Start importing Assets/Prefabs/Tile_Red.prefab using Guid(551c187877102864b8ced77afa6872b4) Importer(815301076,1909f56bfc062723c751e8b465ee728b)  -> (artifact id: 'c3b4e19c5fcb50d8f40b9190b9ce714b') in 0.009198 seconds
  Import took 0.011808 seconds .

========================================================================
Received Prepare
Registering precompiled user dll's ...
Registered in 0.001199 seconds.
Begin MonoManager ReloadAssembly
Native extension for WindowsStandalone target not found
Native extension for WebGL target not found
Refreshing native plugins compatible for Editor in 0.33 ms, found 1 plugins.
Preloading 0 native plugins for Editor in 0.00 ms.
Mono: successfully reloaded assembly
- Completed reload, in  0.647 seconds
Platform modules already initialized, skipping
Refreshing native plugins compatible for Editor in 0.32 ms, found 1 plugins.
Preloading 0 native plugins for Editor in 0.00 ms.
Unloading 1808 Unused Serialized files (Serialized files now loaded: 0)
System memory in use before: 88.6 MB.
System memory in use after: 88.5 MB.

Unloading 12 unused Assets to reduce memory usage. Loaded Objects now: 2336.
Total: 2.056600 ms (FindLiveObjects: 0.402700 ms CreateObjectMapping: 0.142100 ms MarkObjects: 1.416300 ms  DeleteObjects: 0.094500 ms)

AssetImportWorkerClient::OnTransportError - code=2 error=End of file
